Determining if the Q_WS_WIN exist failed with the following output:
Change Dir: /home/salabeta/myfirstcomp/CMakeFiles/CMakeTmp

Run Build Command:"/usr/bin/make" "cmTC_34083/fast"
/usr/bin/make -f CMakeFiles/cmTC_34083.dir/build.make CMakeFiles/cmTC_34083.dir/build
make[1]: se entra en el directorio '/home/salabeta/myfirstcomp/CMakeFiles/CMakeTmp'
Building CXX object CMakeFiles/cmTC_34083.dir/CheckSymbolExists.cxx.o
/usr/bin/c++    -I/usr/include/qt4   -o CMakeFiles/cmTC_34083.dir/CheckSymbolExists.cxx.o -c /home/salabeta/myfirstcomp/CMakeFiles/CMakeTmp/CheckSymbolExists.cxx
/home/salabeta/myfirstcomp/CMakeFiles/CMakeTmp/CheckSymbolExists.cxx: In function ‘int main(int, char**)’:
/home/salabeta/myfirstcomp/CMakeFiles/CMakeTmp/CheckSymbolExists.cxx:8:19: error: ‘Q_WS_WIN’ was not declared in this scope
   return ((int*)(&Q_WS_WIN))[argc];
                   ^
CMakeFiles/cmTC_34083.dir/build.make:65: fallo en las instrucciones para el objetivo 'CMakeFiles/cmTC_34083.dir/CheckSymbolExists.cxx.o'
make[1]: *** [CMakeFiles/cmTC_34083.dir/CheckSymbolExists.cxx.o] Error 1
make[1]: se sale del directorio '/home/salabeta/myfirstcomp/CMakeFiles/CMakeTmp'
Makefile:126: fallo en las instrucciones para el objetivo 'cmTC_34083/fast'
make: *** [cmTC_34083/fast] Error 2

File /home/salabeta/myfirstcomp/CMakeFiles/CMakeTmp/CheckSymbolExists.cxx:
/* */
#include <QtCore/qglobal.h>

int main(int argc, char** argv)
{
  (void)argv;
#ifndef Q_WS_WIN
  return ((int*)(&Q_WS_WIN))[argc];
#else
  (void)argc;
  return 0;
#endif
}

Determining if the Q_WS_QWS exist failed with the following output:
Change Dir: /home/salabeta/myfirstcomp/CMakeFiles/CMakeTmp

Run Build Command:"/usr/bin/make" "cmTC_3b73b/fast"
/usr/bin/make -f CMakeFiles/cmTC_3b73b.dir/build.make CMakeFiles/cmTC_3b73b.dir/build
make[1]: se entra en el directorio '/home/salabeta/myfirstcomp/CMakeFiles/CMakeTmp'
Building CXX object CMakeFiles/cmTC_3b73b.dir/CheckSymbolExists.cxx.o
/usr/bin/c++    -I/usr/include/qt4   -o CMakeFiles/cmTC_3b73b.dir/CheckSymbolExists.cxx.o -c /home/salabeta/myfirstcomp/CMakeFiles/CMakeTmp/CheckSymbolExists.cxx
/home/salabeta/myfirstcomp/CMakeFiles/CMakeTmp/CheckSymbolExists.cxx: In function ‘int main(int, char**)’:
/home/salabeta/myfirstcomp/CMakeFiles/CMakeTmp/CheckSymbolExists.cxx:8:19: error: ‘Q_WS_QWS’ was not declared in this scope
   return ((int*)(&Q_WS_QWS))[argc];
                   ^
CMakeFiles/cmTC_3b73b.dir/build.make:65: fallo en las instrucciones para el objetivo 'CMakeFiles/cmTC_3b73b.dir/CheckSymbolExists.cxx.o'
make[1]: *** [CMakeFiles/cmTC_3b73b.dir/CheckSymbolExists.cxx.o] Error 1
make[1]: se sale del directorio '/home/salabeta/myfirstcomp/CMakeFiles/CMakeTmp'
Makefile:126: fallo en las instrucciones para el objetivo 'cmTC_3b73b/fast'
make: *** [cmTC_3b73b/fast] Error 2

File /home/salabeta/myfirstcomp/CMakeFiles/CMakeTmp/CheckSymbolExists.cxx:
/* */
#include <QtCore/qglobal.h>

int main(int argc, char** argv)
{
  (void)argv;
#ifndef Q_WS_QWS
  return ((int*)(&Q_WS_QWS))[argc];
#else
  (void)argc;
  return 0;
#endif
}

Determining if the Q_WS_MAC exist failed with the following output:
Change Dir: /home/salabeta/myfirstcomp/CMakeFiles/CMakeTmp

Run Build Command:"/usr/bin/make" "cmTC_0ec21/fast"
/usr/bin/make -f CMakeFiles/cmTC_0ec21.dir/build.make CMakeFiles/cmTC_0ec21.dir/build
make[1]: se entra en el directorio '/home/salabeta/myfirstcomp/CMakeFiles/CMakeTmp'
Building CXX object CMakeFiles/cmTC_0ec21.dir/CheckSymbolExists.cxx.o
/usr/bin/c++    -I/usr/include/qt4   -o CMakeFiles/cmTC_0ec21.dir/CheckSymbolExists.cxx.o -c /home/salabeta/myfirstcomp/CMakeFiles/CMakeTmp/CheckSymbolExists.cxx
/home/salabeta/myfirstcomp/CMakeFiles/CMakeTmp/CheckSymbolExists.cxx: In function ‘int main(int, char**)’:
/home/salabeta/myfirstcomp/CMakeFiles/CMakeTmp/CheckSymbolExists.cxx:8:19: error: ‘Q_WS_MAC’ was not declared in this scope
   return ((int*)(&Q_WS_MAC))[argc];
                   ^
CMakeFiles/cmTC_0ec21.dir/build.make:65: fallo en las instrucciones para el objetivo 'CMakeFiles/cmTC_0ec21.dir/CheckSymbolExists.cxx.o'
make[1]: *** [CMakeFiles/cmTC_0ec21.dir/CheckSymbolExists.cxx.o] Error 1
make[1]: se sale del directorio '/home/salabeta/myfirstcomp/CMakeFiles/CMakeTmp'
Makefile:126: fallo en las instrucciones para el objetivo 'cmTC_0ec21/fast'
make: *** [cmTC_0ec21/fast] Error 2

File /home/salabeta/myfirstcomp/CMakeFiles/CMakeTmp/CheckSymbolExists.cxx:
/* */
#include <QtCore/qglobal.h>

int main(int argc, char** argv)
{
  (void)argv;
#ifndef Q_WS_MAC
  return ((int*)(&Q_WS_MAC))[argc];
#else
  (void)argc;
  return 0;
#endif
}

Determining if the Q_WS_WIN exist failed with the following output:
Change Dir: /home/salabeta/robocomp/components/myfirstcomp/CMakeFiles/CMakeTmp

Run Build Command:"/usr/bin/make" "cmTC_00be7/fast"
/usr/bin/make -f CMakeFiles/cmTC_00be7.dir/build.make CMakeFiles/cmTC_00be7.dir/build
make[1]: se entra en el directorio '/home/salabeta/robocomp/components/myfirstcomp/CMakeFiles/CMakeTmp'
Building CXX object CMakeFiles/cmTC_00be7.dir/CheckSymbolExists.cxx.o
/usr/bin/c++    -I/usr/include/qt4   -o CMakeFiles/cmTC_00be7.dir/CheckSymbolExists.cxx.o -c /home/salabeta/robocomp/components/myfirstcomp/CMakeFiles/CMakeTmp/CheckSymbolExists.cxx
/home/salabeta/robocomp/components/myfirstcomp/CMakeFiles/CMakeTmp/CheckSymbolExists.cxx: In function ‘int main(int, char**)’:
/home/salabeta/robocomp/components/myfirstcomp/CMakeFiles/CMakeTmp/CheckSymbolExists.cxx:8:19: error: ‘Q_WS_WIN’ was not declared in this scope
   return ((int*)(&Q_WS_WIN))[argc];
                   ^
CMakeFiles/cmTC_00be7.dir/build.make:65: fallo en las instrucciones para el objetivo 'CMakeFiles/cmTC_00be7.dir/CheckSymbolExists.cxx.o'
make[1]: *** [CMakeFiles/cmTC_00be7.dir/CheckSymbolExists.cxx.o] Error 1
make[1]: se sale del directorio '/home/salabeta/robocomp/components/myfirstcomp/CMakeFiles/CMakeTmp'
Makefile:126: fallo en las instrucciones para el objetivo 'cmTC_00be7/fast'
make: *** [cmTC_00be7/fast] Error 2

File /home/salabeta/robocomp/components/myfirstcomp/CMakeFiles/CMakeTmp/CheckSymbolExists.cxx:
/* */
#include <QtCore/qglobal.h>

int main(int argc, char** argv)
{
  (void)argv;
#ifndef Q_WS_WIN
  return ((int*)(&Q_WS_WIN))[argc];
#else
  (void)argc;
  return 0;
#endif
}

Determining if the Q_WS_QWS exist failed with the following output:
Change Dir: /home/salabeta/robocomp/components/myfirstcomp/CMakeFiles/CMakeTmp

Run Build Command:"/usr/bin/make" "cmTC_36601/fast"
/usr/bin/make -f CMakeFiles/cmTC_36601.dir/build.make CMakeFiles/cmTC_36601.dir/build
make[1]: se entra en el directorio '/home/salabeta/robocomp/components/myfirstcomp/CMakeFiles/CMakeTmp'
Building CXX object CMakeFiles/cmTC_36601.dir/CheckSymbolExists.cxx.o
/usr/bin/c++    -I/usr/include/qt4   -o CMakeFiles/cmTC_36601.dir/CheckSymbolExists.cxx.o -c /home/salabeta/robocomp/components/myfirstcomp/CMakeFiles/CMakeTmp/CheckSymbolExists.cxx
/home/salabeta/robocomp/components/myfirstcomp/CMakeFiles/CMakeTmp/CheckSymbolExists.cxx: In function ‘int main(int, char**)’:
/home/salabeta/robocomp/components/myfirstcomp/CMakeFiles/CMakeTmp/CheckSymbolExists.cxx:8:19: error: ‘Q_WS_QWS’ was not declared in this scope
   return ((int*)(&Q_WS_QWS))[argc];
                   ^
CMakeFiles/cmTC_36601.dir/build.make:65: fallo en las instrucciones para el objetivo 'CMakeFiles/cmTC_36601.dir/CheckSymbolExists.cxx.o'
make[1]: *** [CMakeFiles/cmTC_36601.dir/CheckSymbolExists.cxx.o] Error 1
make[1]: se sale del directorio '/home/salabeta/robocomp/components/myfirstcomp/CMakeFiles/CMakeTmp'
Makefile:126: fallo en las instrucciones para el objetivo 'cmTC_36601/fast'
make: *** [cmTC_36601/fast] Error 2

File /home/salabeta/robocomp/components/myfirstcomp/CMakeFiles/CMakeTmp/CheckSymbolExists.cxx:
/* */
#include <QtCore/qglobal.h>

int main(int argc, char** argv)
{
  (void)argv;
#ifndef Q_WS_QWS
  return ((int*)(&Q_WS_QWS))[argc];
#else
  (void)argc;
  return 0;
#endif
}

Determining if the Q_WS_MAC exist failed with the following output:
Change Dir: /home/salabeta/robocomp/components/myfirstcomp/CMakeFiles/CMakeTmp

Run Build Command:"/usr/bin/make" "cmTC_fb875/fast"
/usr/bin/make -f CMakeFiles/cmTC_fb875.dir/build.make CMakeFiles/cmTC_fb875.dir/build
make[1]: se entra en el directorio '/home/salabeta/robocomp/components/myfirstcomp/CMakeFiles/CMakeTmp'
Building CXX object CMakeFiles/cmTC_fb875.dir/CheckSymbolExists.cxx.o
/usr/bin/c++    -I/usr/include/qt4   -o CMakeFiles/cmTC_fb875.dir/CheckSymbolExists.cxx.o -c /home/salabeta/robocomp/components/myfirstcomp/CMakeFiles/CMakeTmp/CheckSymbolExists.cxx
/home/salabeta/robocomp/components/myfirstcomp/CMakeFiles/CMakeTmp/CheckSymbolExists.cxx: In function ‘int main(int, char**)’:
/home/salabeta/robocomp/components/myfirstcomp/CMakeFiles/CMakeTmp/CheckSymbolExists.cxx:8:19: error: ‘Q_WS_MAC’ was not declared in this scope
   return ((int*)(&Q_WS_MAC))[argc];
                   ^
CMakeFiles/cmTC_fb875.dir/build.make:65: fallo en las instrucciones para el objetivo 'CMakeFiles/cmTC_fb875.dir/CheckSymbolExists.cxx.o'
make[1]: *** [CMakeFiles/cmTC_fb875.dir/CheckSymbolExists.cxx.o] Error 1
make[1]: se sale del directorio '/home/salabeta/robocomp/components/myfirstcomp/CMakeFiles/CMakeTmp'
Makefile:126: fallo en las instrucciones para el objetivo 'cmTC_fb875/fast'
make: *** [cmTC_fb875/fast] Error 2

File /home/salabeta/robocomp/components/myfirstcomp/CMakeFiles/CMakeTmp/CheckSymbolExists.cxx:
/* */
#include <QtCore/qglobal.h>

int main(int argc, char** argv)
{
  (void)argv;
#ifndef Q_WS_MAC
  return ((int*)(&Q_WS_MAC))[argc];
#else
  (void)argc;
  return 0;
#endif
}

